<?xml version="1.0" encoding="UTF-8"?>
<testsuite xmlns:xsi="http://www.w3.org/2001/XMLSchema-instance" xsi:noNamespaceSchemaLocation="https://maven.apache.org/surefire/maven-surefire-plugin/xsd/surefire-test-report-3.0.xsd" version="3.0" name="fr.univlille.iutinfo.s3_02.belamcanda.model.implementations.iris.qualitative_variables.IrisVarietyTest" time="0.001" tests="2" errors="0" skipped="0" failures="0">
  <properties>
    <property name="java.specification.version" value="17"/>
    <property name="sun.jnu.encoding" value="UTF-8"/>
    <property name="java.class.path" value="/home/infoetu/maxence.stievenard.etu/Documents/Semestre3/equipe-J22/target/test-classes:/home/infoetu/maxence.stievenard.etu/Documents/Semestre3/equipe-J22/target/classes:/tmp/maxence.stievenard.etu/maven/repository/org/openjfx/javafx-controls/19/javafx-controls-19.jar:/tmp/maxence.stievenard.etu/maven/repository/org/openjfx/javafx-controls/19/javafx-controls-19-linux.jar:/tmp/maxence.stievenard.etu/maven/repository/org/openjfx/javafx-graphics/19/javafx-graphics-19.jar:/tmp/maxence.stievenard.etu/maven/repository/org/openjfx/javafx-graphics/19/javafx-graphics-19-linux.jar:/tmp/maxence.stievenard.etu/maven/repository/org/openjfx/javafx-base/19/javafx-base-19.jar:/tmp/maxence.stievenard.etu/maven/repository/org/openjfx/javafx-base/19/javafx-base-19-linux.jar:/tmp/maxence.stievenard.etu/maven/repository/org/openjfx/javafx-swing/19/javafx-swing-19.jar:/tmp/maxence.stievenard.etu/maven/repository/org/openjfx/javafx-swing/19/javafx-swing-19-linux.jar:/tmp/maxence.stievenard.etu/maven/repository/org/junit/jupiter/junit-jupiter-engine/5.9.1/junit-jupiter-engine-5.9.1.jar:/tmp/maxence.stievenard.etu/maven/repository/org/junit/platform/junit-platform-engine/1.9.1/junit-platform-engine-1.9.1.jar:/tmp/maxence.stievenard.etu/maven/repository/org/opentest4j/opentest4j/1.2.0/opentest4j-1.2.0.jar:/tmp/maxence.stievenard.etu/maven/repository/org/junit/platform/junit-platform-commons/1.9.1/junit-platform-commons-1.9.1.jar:/tmp/maxence.stievenard.etu/maven/repository/org/junit/jupiter/junit-jupiter-api/5.9.1/junit-jupiter-api-5.9.1.jar:/tmp/maxence.stievenard.etu/maven/repository/org/apiguardian/apiguardian-api/1.1.2/apiguardian-api-1.1.2.jar:/tmp/maxence.stievenard.etu/maven/repository/com/opencsv/opencsv/5.7.1/opencsv-5.7.1.jar:/tmp/maxence.stievenard.etu/maven/repository/org/apache/commons/commons-lang3/3.12.0/commons-lang3-3.12.0.jar:/tmp/maxence.stievenard.etu/maven/repository/org/apache/commons/commons-text/1.10.0/commons-text-1.10.0.jar:/tmp/maxence.stievenard.etu/maven/repository/commons-beanutils/commons-beanutils/1.9.4/commons-beanutils-1.9.4.jar:/tmp/maxence.stievenard.etu/maven/repository/commons-logging/commons-logging/1.2/commons-logging-1.2.jar:/tmp/maxence.stievenard.etu/maven/repository/commons-collections/commons-collections/3.2.2/commons-collections-3.2.2.jar:/tmp/maxence.stievenard.etu/maven/repository/org/apache/commons/commons-collections4/4.4/commons-collections4-4.4.jar:/tmp/maxence.stievenard.etu/maven/repository/org/openjfx/javafx-fxml/19/javafx-fxml-19.jar:/tmp/maxence.stievenard.etu/maven/repository/org/openjfx/javafx-fxml/19/javafx-fxml-19-linux.jar:"/>
    <property name="java.vm.vendor" value="Debian"/>
    <property name="sun.arch.data.model" value="64"/>
    <property name="java.vendor.url" value="https://tracker.debian.org/openjdk-17"/>
    <property name="user.country.format" value="FR"/>
    <property name="os.name" value="Linux"/>
    <property name="java.vm.specification.version" value="17"/>
    <property name="sun.java.launcher" value="SUN_STANDARD"/>
    <property name="sun.boot.library.path" value="/usr/lib/jvm/java-17-openjdk-amd64/lib"/>
    <property name="sun.java.command" value="/home/infoetu/maxence.stievenard.etu/Documents/Semestre3/equipe-J22/target/surefire/surefirebooter-20221201151352858_3.jar /home/infoetu/maxence.stievenard.etu/Documents/Semestre3/equipe-J22/target/surefire 2022-12-01T15-13-52_727-jvmRun1 surefire-20221201151352858_1tmp surefire_0-20221201151352858_2tmp"/>
    <property name="jdk.debug" value="release"/>
    <property name="surefire.test.class.path" value="/home/infoetu/maxence.stievenard.etu/Documents/Semestre3/equipe-J22/target/test-classes:/home/infoetu/maxence.stievenard.etu/Documents/Semestre3/equipe-J22/target/classes:/tmp/maxence.stievenard.etu/maven/repository/org/openjfx/javafx-controls/19/javafx-controls-19.jar:/tmp/maxence.stievenard.etu/maven/repository/org/openjfx/javafx-controls/19/javafx-controls-19-linux.jar:/tmp/maxence.stievenard.etu/maven/repository/org/openjfx/javafx-graphics/19/javafx-graphics-19.jar:/tmp/maxence.stievenard.etu/maven/repository/org/openjfx/javafx-graphics/19/javafx-graphics-19-linux.jar:/tmp/maxence.stievenard.etu/maven/repository/org/openjfx/javafx-base/19/javafx-base-19.jar:/tmp/maxence.stievenard.etu/maven/repository/org/openjfx/javafx-base/19/javafx-base-19-linux.jar:/tmp/maxence.stievenard.etu/maven/repository/org/openjfx/javafx-swing/19/javafx-swing-19.jar:/tmp/maxence.stievenard.etu/maven/repository/org/openjfx/javafx-swing/19/javafx-swing-19-linux.jar:/tmp/maxence.stievenard.etu/maven/repository/org/junit/jupiter/junit-jupiter-engine/5.9.1/junit-jupiter-engine-5.9.1.jar:/tmp/maxence.stievenard.etu/maven/repository/org/junit/platform/junit-platform-engine/1.9.1/junit-platform-engine-1.9.1.jar:/tmp/maxence.stievenard.etu/maven/repository/org/opentest4j/opentest4j/1.2.0/opentest4j-1.2.0.jar:/tmp/maxence.stievenard.etu/maven/repository/org/junit/platform/junit-platform-commons/1.9.1/junit-platform-commons-1.9.1.jar:/tmp/maxence.stievenard.etu/maven/repository/org/junit/jupiter/junit-jupiter-api/5.9.1/junit-jupiter-api-5.9.1.jar:/tmp/maxence.stievenard.etu/maven/repository/org/apiguardian/apiguardian-api/1.1.2/apiguardian-api-1.1.2.jar:/tmp/maxence.stievenard.etu/maven/repository/com/opencsv/opencsv/5.7.1/opencsv-5.7.1.jar:/tmp/maxence.stievenard.etu/maven/repository/org/apache/commons/commons-lang3/3.12.0/commons-lang3-3.12.0.jar:/tmp/maxence.stievenard.etu/maven/repository/org/apache/commons/commons-text/1.10.0/commons-text-1.10.0.jar:/tmp/maxence.stievenard.etu/maven/repository/commons-beanutils/commons-beanutils/1.9.4/commons-beanutils-1.9.4.jar:/tmp/maxence.stievenard.etu/maven/repository/commons-logging/commons-logging/1.2/commons-logging-1.2.jar:/tmp/maxence.stievenard.etu/maven/repository/commons-collections/commons-collections/3.2.2/commons-collections-3.2.2.jar:/tmp/maxence.stievenard.etu/maven/repository/org/apache/commons/commons-collections4/4.4/commons-collections4-4.4.jar:/tmp/maxence.stievenard.etu/maven/repository/org/openjfx/javafx-fxml/19/javafx-fxml-19.jar:/tmp/maxence.stievenard.etu/maven/repository/org/openjfx/javafx-fxml/19/javafx-fxml-19-linux.jar:"/>
    <property name="sun.cpu.endian" value="little"/>
    <property name="user.home" value="/home/infoetu/maxence.stievenard.etu"/>
    <property name="user.language" value="en"/>
    <property name="java.specification.vendor" value="Oracle Corporation"/>
    <property name="java.version.date" value="2022-07-19"/>
    <property name="java.home" value="/usr/lib/jvm/java-17-openjdk-amd64"/>
    <property name="file.separator" value="/"/>
    <property name="basedir" value="/home/infoetu/maxence.stievenard.etu/Documents/Semestre3/equipe-J22"/>
    <property name="java.vm.compressedOopsMode" value="Zero based"/>
    <property name="line.separator" value="&#10;"/>
    <property name="java.vm.specification.vendor" value="Oracle Corporation"/>
    <property name="java.specification.name" value="Java Platform API Specification"/>
    <property name="surefire.real.class.path" value="/home/infoetu/maxence.stievenard.etu/Documents/Semestre3/equipe-J22/target/surefire/surefirebooter-20221201151352858_3.jar"/>
    <property name="sun.management.compiler" value="HotSpot 64-Bit Tiered Compilers"/>
    <property name="java.runtime.version" value="17.0.4+8-Debian-1deb11u1"/>
    <property name="user.name" value="maxence.stievenard.etu"/>
    <property name="path.separator" value=":"/>
    <property name="os.version" value="5.10.0-17-amd64"/>
    <property name="java.runtime.name" value="OpenJDK Runtime Environment"/>
    <property name="file.encoding" value="UTF-8"/>
    <property name="java.vm.name" value="OpenJDK 64-Bit Server VM"/>
    <property name="localRepository" value="/tmp/maxence.stievenard.etu/maven/repository"/>
    <property name="java.vendor.url.bug" value="https://bugs.debian.org/openjdk-17"/>
    <property name="java.io.tmpdir" value="/tmp"/>
    <property name="java.version" value="17.0.4"/>
    <property name="user.dir" value="/home/infoetu/maxence.stievenard.etu/Documents/Semestre3/equipe-J22"/>
    <property name="os.arch" value="amd64"/>
    <property name="java.vm.specification.name" value="Java Virtual Machine Specification"/>
    <property name="user.language.format" value="fr"/>
    <property name="native.encoding" value="UTF-8"/>
    <property name="java.library.path" value="/usr/java/packages/lib:/usr/lib/x86_64-linux-gnu/jni:/lib/x86_64-linux-gnu:/usr/lib/x86_64-linux-gnu:/usr/lib/jni:/lib:/usr/lib"/>
    <property name="java.vm.info" value="mixed mode, sharing"/>
    <property name="java.vendor" value="Debian"/>
    <property name="java.vm.version" value="17.0.4+8-Debian-1deb11u1"/>
    <property name="sun.io.unicode.encoding" value="UnicodeLittle"/>
    <property name="java.class.version" value="61.0"/>
  </properties>
  <testcase name="values" classname="fr.univlille.iutinfo.s3_02.belamcanda.model.implementations.iris.qualitative_variables.IrisVarietyTest" time="0.001"/>
  <testcase name="valueOf" classname="fr.univlille.iutinfo.s3_02.belamcanda.model.implementations.iris.qualitative_variables.IrisVarietyTest" time="0"/>
</testsuite>